ERROR 2020-09-18 20:37:22,225 [(null), (null), 8, (null)] BrownBagServices.Utility.BrownBagLog -    at BrownBagServices.Providers.AuthFilter.OnAuthorization(HttpActionContext actionContext) in D:\Work\CurioStore\WebApiSolution\BrownBagServiceSolution\BrownBagServices\Providers\AuthFilter.cs:line 89
   at System.Web.Http.Filters.AuthorizationFilterAttribute.OnAuthorizationAsync(HttpActionContext actionContext, CancellationToken cancellationToken)
--- End of stack trace from previous location where exception was thrown ---
   at System.Runtime.CompilerServices.TaskAwaiter.ThrowForNonSuccess(Task task)
   at System.Runtime.CompilerServices.TaskAwaiter.HandleNonSuccessAndDebuggerNotification(Task task)
   at System.Web.Http.Filters.AuthorizationFilterAttribute.<ExecuteAuthorizationFilterAsyncCore>d__3.MoveNext()
--- End of stack trace from previous location where exception was thrown ---
   at System.Runtime.CompilerServices.TaskAwaiter.ThrowForNonSuccess(Task task)
   at System.Runtime.CompilerServices.TaskAwaiter.HandleNonSuccessAndDebuggerNotification(Task task)
   at System.Web.Http.Controllers.ExceptionFilterResult.<ExecuteAsync>d__6.MoveNext()
ERROR 2020-09-18 20:41:36,004 [(null), (null), 8, (null)] BrownBagServices.Utility.BrownBagLog -    at BrownBagServices.Providers.AuthFilter.OnAuthorization(HttpActionContext actionContext) in D:\Work\CurioStore\WebApiSolution\BrownBagServiceSolution\BrownBagServices\Providers\AuthFilter.cs:line 89
   at System.Web.Http.Filters.AuthorizationFilterAttribute.OnAuthorizationAsync(HttpActionContext actionContext, CancellationToken cancellationToken)
--- End of stack trace from previous location where exception was thrown ---
   at System.Runtime.CompilerServices.TaskAwaiter.ThrowForNonSuccess(Task task)
   at System.Runtime.CompilerServices.TaskAwaiter.HandleNonSuccessAndDebuggerNotification(Task task)
   at System.Web.Http.Filters.AuthorizationFilterAttribute.<ExecuteAuthorizationFilterAsyncCore>d__3.MoveNext()
--- End of stack trace from previous location where exception was thrown ---
   at System.Runtime.CompilerServices.TaskAwaiter.ThrowForNonSuccess(Task task)
   at System.Runtime.CompilerServices.TaskAwaiter.HandleNonSuccessAndDebuggerNotification(Task task)
   at System.Web.Http.Controllers.ExceptionFilterResult.<ExecuteAsync>d__6.MoveNext()
ERROR 2020-09-18 21:24:56,799 [(null), (null), 7, (null)] BrownBagServices.Utility.BrownBagLog -    at BrownBagServices.Providers.AuthFilter.OnAuthorization(HttpActionContext actionContext) in D:\Work\CurioStore\WebApiSolution\BrownBagServiceSolution\BrownBagServices\Providers\AuthFilter.cs:line 89
   at System.Web.Http.Filters.AuthorizationFilterAttribute.OnAuthorizationAsync(HttpActionContext actionContext, CancellationToken cancellationToken)
--- End of stack trace from previous location where exception was thrown ---
   at System.Runtime.CompilerServices.TaskAwaiter.ThrowForNonSuccess(Task task)
   at System.Runtime.CompilerServices.TaskAwaiter.HandleNonSuccessAndDebuggerNotification(Task task)
   at System.Web.Http.Filters.AuthorizationFilterAttribute.<ExecuteAuthorizationFilterAsyncCore>d__3.MoveNext()
--- End of stack trace from previous location where exception was thrown ---
   at System.Runtime.CompilerServices.TaskAwaiter.ThrowForNonSuccess(Task task)
   at System.Runtime.CompilerServices.TaskAwaiter.HandleNonSuccessAndDebuggerNotification(Task task)
   at System.Web.Http.Controllers.ExceptionFilterResult.<ExecuteAsync>d__6.MoveNext()
